<?xml version="1.0" encoding="UTF-8"?>
<testng-results skipped="0" failed="0" total="2" passed="2">
  <reporter-output>
  </reporter-output>
  <suite name="Default suite" duration-ms="3442" started-at="2016-05-06T05:20:48Z" finished-at="2016-05-06T05:20:51Z">
    <groups>
    </groups>
    <test name="Default test" duration-ms="3442" started-at="2016-05-06T05:20:48Z" finished-at="2016-05-06T05:20:51Z">
      <class name="api.data.rs.tests.FuelStationServiceTest">
        <test-method status="PASS" signature="validateFuelStationByIdTest()[pri:0, instance:api.data.rs.tests.FuelStationServiceTest@578f7a8]" name="validateFuelStationByIdTest" duration-ms="2444" started-at="2016-05-06T01:20:48Z" finished-at="2016-05-06T01:20:50Z">
          <reporter-output>
          </reporter-output>
        </test-method> <!-- validateFuelStationByIdTest -->
        <test-method status="PASS" signature="validateFuelStationByNameTest()[pri:0, instance:api.data.rs.tests.FuelStationServiceTest@578f7a8]" name="validateFuelStationByNameTest" duration-ms="979" started-at="2016-05-06T01:20:50Z" finished-at="2016-05-06T01:20:51Z">
          <reporter-output>
          </reporter-output>
        </test-method> <!-- validateFuelStationByNameTest -->
      </class> <!-- api.data.rs.tests.FuelStationServiceTest -->
    </test> <!-- Default test -->
  </suite> <!-- Default suite -->
</testng-results>
